#
# A fatal error has been detected by the Java Runtime Environment:
#
#  EXCEPTION_ACCESS_VIOLATION (0xc0000005) at pc=0x5bbf757e, pid=5464, tid=0x00002b84
#
# JRE version: Java(TM) SE Runtime Environment (8.0_191-b12) (build 1.8.0_191-b12)
# Java VM: Java HotSpot(TM) Client VM (25.191-b12 mixed mode windows-x86 )
# Problematic frame:
# V  [jvm.dll+0xe757e]
#
# Failed to write core dump. Minidumps are not enabled by default on client versions of Windows
#
# If you would like to submit a bug report, please visit:
#   http://bugreport.java.com/bugreport/crash.jsp
#

---------------  T H R E A D  ---------------

Current thread (0x281d7c00):  JavaThread "EventThread COM5" [_thread_in_vm, id=11140, stack(0x010e0000,0x01130000)]

siginfo: ExceptionCode=0xc0000005, reading address 0x00000000

Registers:
EAX=0x00000000, EBX=0x27abe258, ECX=0x281d7c00, EDX=0x0000009f
ESP=0x0112b4dc, EBP=0x0112b4f8, ESI=0x00000000, EDI=0x281d7c00
EIP=0x5bbf757e, EFLAGS=0x00010246

Top of Stack: (sp=0x0112b4dc)
0x0112b4dc:   0112b514 281d7d40 27abe258 281d7c00
0x0112b4ec:   2871811c 0000009f 5bdf5568 0112f558
0x0112b4fc:   6400183d 281d7d40 00000000 00000000
0x0112b50c:   00004000 0112b514 332d0a0d 0a0d3934
0x0112b51c:   3934332d 332d0a0d 0a0d3934 3934332d
0x0112b52c:   332d0a0d 0a0d3934 3934332d 332d0a0d
0x0112b53c:   0a0d3934 3934332d 332d0a0d 0a0d3934
0x0112b54c:   3934332d 332d0a0d 0a0d3934 3934332d 

Instructions: (pc=0x5bbf757e)
0x5bbf755e:   c4 08 83 7f 04 00 89 7d f0 c7 45 f4 00 00 00 00
0x5bbf756e:   74 08 8d 4d f0 e8 e8 34 0c 00 8b 75 10 8b 45 0c
0x5bbf757e:   8b 10 85 f6 78 32 8b 45 14 85 c0 78 2b 8d 0c 06
0x5bbf758e:   3b 4a 08 77 23 85 c0 7e 3b 8b 4a 04 8b 49 04 83 


Register to memory mapping:

EAX=0x00000000 is an unknown value
EBX=0x27abe258 is an unknown value
ECX=0x281d7c00 is a thread
EDX=0x0000009f is an unknown value
ESP=0x0112b4dc is pointing into the stack for thread: 0x281d7c00
EBP=0x0112b4f8 is pointing into the stack for thread: 0x281d7c00
ESI=0x00000000 is an unknown value
EDI=0x281d7c00 is a thread


Stack: [0x010e0000,0x01130000],  sp=0x0112b4dc,  free space=301k
Native frames: (J=compiled Java code, j=interpreted, Vv=VM code, C=native code)
V  [jvm.dll+0xe757e]
C  [jSSC-2.8_x86.dll+0x183d]
J 13370  jssc.SerialNativeInterface.readBytes(JI)[B (0 bytes) @ 0x03255925 [0x03255890+0x95]
J 10293 C1 jssc.SerialPort$EventThread.run()V (84 bytes) @ 0x02e295f0 [0x02e29380+0x270]
v  ~StubRoutines::call_stub
V  [jvm.dll+0x15c315]
V  [jvm.dll+0x223ece]
V  [jvm.dll+0x15c3ae]
V  [jvm.dll+0x15c536]
V  [jvm.dll+0x15c5a7]
V  [jvm.dll+0x1002ef]
V  [jvm.dll+0x17f550]
V  [jvm.dll+0x17fdca]
V  [jvm.dll+0x1c57a6]
C  [msvcr100.dll+0x5c556]
C  [msvcr100.dll+0x5c600]
C  [KERNEL32.DLL+0x1fa29]
C  [ntdll.dll+0x67a7e]
C  [ntdll.dll+0x67a4e]
C  0x00000000

Java frames: (J=compiled Java code, j=interpreted, Vv=VM code)
J 13370  jssc.SerialNativeInterface.readBytes(JI)[B (0 bytes) @ 0x032558e1 [0x03255890+0x51]
J 10293 C1 jssc.SerialPort$EventThread.run()V (84 bytes) @ 0x02e295f0 [0x02e29380+0x270]
v  ~StubRoutines::call_stub

---------------  P R O C E S S  ---------------

Java Threads: ( => current thread )
  0x281d8400 JavaThread "Thread-5798" [_thread_blocked, id=10424, stack(0x26e70000,0x26ec0000)]
=>0x281d7c00 JavaThread "EventThread COM5" [_thread_in_vm, id=11140, stack(0x010e0000,0x01130000)]
  0x281d7000 JavaThread "DestroyJavaVM" [_thread_blocked, id=12740, stack(0x02b20000,0x02b70000)]
  0x281d6400 JavaThread "TimerQueue" daemon [_thread_blocked, id=12856, stack(0x2ae80000,0x2aed0000)]
  0x281d9c00 JavaThread "AWT-EventQueue-0" [_thread_blocked, id=3036, stack(0x2a910000,0x2a960000)]
  0x281d2c00 JavaThread "AWT-Shutdown" [_thread_blocked, id=13072, stack(0x2a880000,0x2a8d0000)]
  0x281d4800 JavaThread "Batik CleanerThread" daemon [_thread_blocked, id=3300, stack(0x294d0000,0x29520000)]
  0x281d6800 JavaThread "JmDNS(MEK-427-305-05P-win-dtu-dk.local.).State.Timer" [_thread_blocked, id=12836, stack(0x28ff0000,0x29040000)]
  0x262aa800 JavaThread "JmDNS(MEK-427-305-05P-win-dtu-dk.local.).Timer" daemon [_thread_blocked, id=12404, stack(0x28f60000,0x28fb0000)]
  0x262ac400 JavaThread "SocketListener(MEK-427-305-05P-win-dtu-dk.local.)" daemon [_thread_in_native, id=3164, stack(0x28ed0000,0x28f20000)]
  0x262ab000 JavaThread "Multihomed mDNS.Timer" daemon [_thread_blocked, id=12648, stack(0x27dd0000,0x27e20000)]
  0x262ac800 JavaThread "cc.arduino.packages.discoverers.serial.SerialDiscovery" [_thread_blocked, id=12764, stack(0x28b10000,0x28b60000)]
  0x262aa400 JavaThread "Thread-5" [_thread_in_native, id=12948, stack(0x28a80000,0x28ad0000)]
  0x262ad400 JavaThread "AWT-Windows" daemon [_thread_blocked, id=12352, stack(0x26f40000,0x26f90000)]
  0x262a9c00 JavaThread "Java2D Disposer" daemon [_thread_blocked, id=12488, stack(0x26e20000,0x26e70000)]
  0x260e8800 JavaThread "Service Thread" daemon [_thread_blocked, id=13224, stack(0x266c0000,0x26710000)]
  0x260e1000 JavaThread "C1 CompilerThread0" daemon [_thread_blocked, id=13248, stack(0x26630000,0x26680000)]
  0x260df400 JavaThread "Attach Listener" daemon [_thread_blocked, id=11788, stack(0x265a0000,0x265f0000)]
  0x260dd400 JavaThread "Signal Dispatcher" daemon [_thread_blocked, id=13284, stack(0x26510000,0x26560000)]
  0x260cbc00 JavaThread "Finalizer" daemon [_thread_blocked, id=13204, stack(0x04ed0000,0x04f20000)]
  0x260c5c00 JavaThread "Reference Handler" daemon [_thread_blocked, id=12924, stack(0x26380000,0x263d0000)]

Other Threads:
  0x260b0c00 VMThread [stack: 0x262f0000,0x26340000] [id=13148]
  0x260eb800 WatcherThread [stack: 0x26750000,0x267a0000] [id=11784]

VM state:synchronizing (normal execution)

VM Mutex/Monitor currently owned by a thread:  ([mutex/lock_event])
[0x02b1d460] Threads_lock - owner thread: 0x260b0c00
[0x02b1df58] Heap_lock - owner thread: 0x281d6800

Heap:
 def new generation   total 157248K, used 157248K [0x05000000, 0x0faa0000, 0x0faa0000)
  eden space 139776K, 100% used [0x05000000, 0x0d880000, 0x0d880000)
  from space 17472K, 100% used [0x0d880000, 0x0e990000, 0x0e990000)
  to   space 17472K,   0% used [0x0e990000, 0x0e990000, 0x0faa0000)
 tenured generation   total 349568K, used 349567K [0x0faa0000, 0x25000000, 0x25000000)
   the space 349568K,  99% used [0x0faa0000, 0x24ffff78, 0x25000000, 0x25000000)
 Metaspace       used 22465K, capacity 23047K, committed 23168K, reserved 23936K

Card table byte_map: [0x25000000,0x25110000] byte_map_base: 0x24fd8000

Polling page: 0x01130000

CodeCache: size=32768Kb used=2809Kb max_used=5122Kb free=29958Kb
 bounds [0x02d80000, 0x03288000, 0x04d80000]
 total_blobs=1683 nmethods=1401 adapters=211
 compilation: enabled

Compilation events (10 events):
Event: 9033.070 Thread 0x260e1000 13606             javax.swing.undo.AbstractUndoableEdit::<init> (15 bytes)
Event: 9033.070 Thread 0x260e1000 nmethod 13606 0x0320edc8 code [0x0320eec0, 0x0320ef40]
Event: 9033.125 Thread 0x260e1000 13607             sun.awt.im.InputMethodContext::dispatchEvent (62 bytes)
Event: 9033.125 Thread 0x260e1000 nmethod 13607 0x02f35308 code [0x02f35480, 0x02f35710]
Event: 9034.002 Thread 0x260e1000 13608   !         javax.swing.UIManager::getLAFState (62 bytes)
Event: 9034.002 Thread 0x260e1000 nmethod 13608 0x0301e5c8 code [0x0301e730, 0x0301ea74]
Event: 9035.216 Thread 0x260e1000 13609   !         java.util.concurrent.DelayQueue::offer (60 bytes)
Event: 9035.217 Thread 0x260e1000 nmethod 13609 0x02f37b08 code [0x02f37c80, 0x02f37f24]
Event: 9035.448 Thread 0x260e1000 13610             java.lang.String::length (6 bytes)
Event: 9035.448 Thread 0x260e1000 nmethod 13610 0x02f5da08 code [0x02f5db00, 0x02f5db90]

GC Heap History (10 events):
Event: 9043.155 GC heap before
{Heap before GC invocations=112 (full 37):
 def new generation   total 157248K, used 157247K [0x05000000, 0x0faa0000, 0x0faa0000)
  eden space 139776K,  99% used [0x05000000, 0x0d87ffe0, 0x0d880000)
  from space 17472K, 100% used [0x0d880000, 0x0e990000, 0x0e990000)
  to   space 17472K,   0% used [0x0e990000, 0x0e990000, 0x0faa0000)
 tenured generation   total 349568K, used 349567K [0x0faa0000, 0x25000000, 0x25000000)
   the space 349568K,  99% used [0x0faa0000, 0x24ffff78, 0x25000000, 0x25000000)
 Metaspace       used 22465K, capacity 23047K, committed 23168K, reserved 23936K
Event: 9043.586 GC heap after
Heap after GC invocations=113 (full 38):
 def new generation   total 157248K, used 157247K [0x05000000, 0x0faa0000, 0x0faa0000)
  eden space 139776K,  99% used [0x05000000, 0x0d87fed0, 0x0d880000)
  from space 17472K, 100% used [0x0d880000, 0x0e990000, 0x0e990000)
  to   space 17472K,   0% used [0x0e990000, 0x0e990000, 0x0faa0000)
 tenured generation   total 349568K, used 349567K [0x0faa0000, 0x25000000, 0x25000000)
   the space 349568K,  99% used [0x0faa0000, 0x24ffff78, 0x25000000, 0x25000000)
 Metaspace       used 22465K, capacity 23047K, committed 23168K, reserved 23936K
}
Event: 9043.587 GC heap before
{Heap before GC invocations=113 (full 38):
 def new generation   total 157248K, used 157247K [0x05000000, 0x0faa0000, 0x0faa0000)
  eden space 139776K,  99% used [0x05000000, 0x0d87fff8, 0x0d880000)
  from space 17472K, 100% used [0x0d880000, 0x0e990000, 0x0e990000)
  to   space 17472K,   0% used [0x0e990000, 0x0e990000, 0x0faa0000)
 tenured generation   total 349568K, used 349567K [0x0faa0000, 0x25000000, 0x25000000)
   the space 349568K,  99% used [0x0faa0000, 0x24ffff78, 0x25000000, 0x25000000)
 Metaspace       used 22465K, capacity 23047K, committed 23168K, reserved 23936K
Event: 9043.999 GC heap after
Heap after GC invocations=114 (full 39):
 def new generation   total 157248K, used 157247K [0x05000000, 0x0faa0000, 0x0faa0000)
  eden space 139776K,  99% used [0x05000000, 0x0d87fee8, 0x0d880000)
  from space 17472K, 100% used [0x0d880000, 0x0e990000, 0x0e990000)
  to   space 17472K,   0% used [0x0e990000, 0x0e990000, 0x0faa0000)
 tenured generation   total 349568K, used 349567K [0x0faa0000, 0x25000000, 0x25000000)
   the space 349568K,  99% used [0x0faa0000, 0x24ffff78, 0x25000000, 0x25000000)
 Metaspace       used 22465K, capacity 23047K, committed 23168K, reserved 23936K
}
Event: 9043.999 GC heap before
{Heap before GC invocations=114 (full 39):
 def new generation   total 157248K, used 157247K [0x05000000, 0x0faa0000, 0x0faa0000)
  eden space 139776K,  99% used [0x05000000, 0x0d87fff8, 0x0d880000)
  from space 17472K, 100% used [0x0d880000, 0x0e990000, 0x0e990000)
  to   space 17472K,   0% used [0x0e990000, 0x0e990000, 0x0faa0000)
 tenured generation   total 349568K, used 349567K [0x0faa0000, 0x25000000, 0x25000000)
   the space 349568K,  99% used [0x0faa0000, 0x24ffff78, 0x25000000, 0x25000000)
 Metaspace       used 22465K, capacity 23047K, committed 23168K, reserved 23936K
Event: 9044.417 GC heap after
Heap after GC invocations=115 (full 40):
 def new generation   total 157248K, used 157247K [0x05000000, 0x0faa0000, 0x0faa0000)
  eden space 139776K,  99% used [0x05000000, 0x0d87fee8, 0x0d880000)
  from space 17472K, 100% used [0x0d880000, 0x0e990000, 0x0e990000)
  to   space 17472K,   0% used [0x0e990000, 0x0e990000, 0x0faa0000)
 tenured generation   total 349568K, used 349560K [0x0faa0000, 0x25000000, 0x25000000)
   the space 349568K,  99% used [0x0faa0000, 0x24ffe1b8, 0x24ffe200, 0x25000000)
 Metaspace       used 22465K, capacity 23047K, committed 23168K, reserved 23936K
}
Event: 9044.417 GC heap before
{Heap before GC invocations=115 (full 40):
 def new generation   total 157248K, used 157247K [0x05000000, 0x0faa0000, 0x0faa0000)
  eden space 139776K,  99% used [0x05000000, 0x0d87fff8, 0x0d880000)
  from space 17472K, 100% used [0x0d880000, 0x0e990000, 0x0e990000)
  to   space 17472K,   0% used [0x0e990000, 0x0e990000, 0x0faa0000)
 tenured generation   total 349568K, used 349561K [0x0faa0000, 0x25000000, 0x25000000)
   the space 349568K,  99% used [0x0faa0000, 0x24ffe6a0, 0x24ffe800, 0x25000000)
 Metaspace       used 22465K, capacity 23047K, committed 23168K, reserved 23936K
Event: 9044.838 GC heap after
Heap after GC invocations=116 (full 41):
 def new generation   total 157248K, used 157235K [0x05000000, 0x0faa0000, 0x0faa0000)
  eden space 139776K,  99% used [0x05000000, 0x0d87ceb0, 0x0d880000)
  from space 17472K, 100% used [0x0d880000, 0x0e990000, 0x0e990000)
  to   space 17472K,   0% used [0x0e990000, 0x0e990000, 0x0faa0000)
 tenured generation   total 349568K, used 349561K [0x0faa0000, 0x25000000, 0x25000000)
   the space 349568K,  99% used [0x0faa0000, 0x24ffe6a0, 0x24ffe800, 0x25000000)
 Metaspace       used 22465K, capacity 23047K, committed 23168K, reserved 23936K
}
Event: 9044.838 GC heap before
{Heap before GC invocations=116 (full 41):
 def new generation   total 157248K, used 157235K [0x05000000, 0x0faa0000, 0x0faa0000)
  eden space 139776K,  99% used [0x05000000, 0x0d87ceb0, 0x0d880000)
  from space 17472K, 100% used [0x0d880000, 0x0e990000, 0x0e990000)
  to   space 17472K,   0% used [0x0e990000, 0x0e990000, 0x0faa0000)
 tenured generation   total 349568K, used 349561K [0x0faa0000, 0x25000000, 0x25000000)
   the space 349568K,  99% used [0x0faa0000, 0x24ffe6a0, 0x24ffe800, 0x25000000)
 Metaspace       used 22465K, capacity 23047K, committed 23168K, reserved 23936K
Event: 9045.255 GC heap after
Heap after GC invocations=117 (full 42):
 def new generation   total 157248K, used 157235K [0x05000000, 0x0faa0000, 0x0faa0000)
  eden space 139776K,  99% used [0x05000000, 0x0d87ceb0, 0x0d880000)
  from space 17472K, 100% used [0x0d880000, 0x0e990000, 0x0e990000)
  to   space 17472K,   0% used [0x0e990000, 0x0e990000, 0x0faa0000)
 tenured generation   total 349568K, used 349560K [0x0faa0000, 0x25000000, 0x25000000)
   the space 349568K,  99% used [0x0faa0000, 0x24ffe1e0, 0x24ffe200, 0x25000000)
 Metaspace       used 22465K, capacity 23047K, committed 23168K, reserved 23936K
}

Deoptimization events (0 events):
No events

Classes redefined (0 events):
No events

Internal exceptions (10 events):
Event: 8964.852 Thread 0x281d8800 Exception <a 'sun/nio/fs/WindowsException'> (0x06df7178) thrown at [C:\workspace\8-2-build-windows-i586-cygwin\jdk8u191\11896\hotspot\src\share\vm\prims\jni.cpp, line 709]
Event: 8964.854 Thread 0x281d8800 Exception <a 'sun/nio/fs/WindowsException'> (0x06e0b6d0) thrown at [C:\workspace\8-2-build-windows-i586-cygwin\jdk8u191\11896\hotspot\src\share\vm\prims\jni.cpp, line 709]
Event: 8964.854 Thread 0x281d8800 Exception <a 'sun/nio/fs/WindowsException'> (0x06e0bc10) thrown at [C:\workspace\8-2-build-windows-i586-cygwin\jdk8u191\11896\hotspot\src\share\vm\prims\jni.cpp, line 709]
Event: 8964.855 Thread 0x281d8800 Exception <a 'sun/nio/fs/WindowsException'> (0x06e1a438) thrown at [C:\workspace\8-2-build-windows-i586-cygwin\jdk8u191\11896\hotspot\src\share\vm\prims\jni.cpp, line 709]
Event: 8964.855 Thread 0x281d8800 Exception <a 'sun/nio/fs/WindowsException'> (0x06e1a950) thrown at [C:\workspace\8-2-build-windows-i586-cygwin\jdk8u191\11896\hotspot\src\share\vm\prims\jni.cpp, line 709]
Event: 8965.177 Thread 0x281d5000 Exception <a 'java/lang/InterruptedException': sleep interrupted> (0x06ef9190) thrown at [C:\workspace\8-2-build-windows-i586-cygwin\jdk8u191\11896\hotspot\src\share\vm\prims\jvm.cpp, line 3273]
Event: 8966.197 Thread 0x281d3800 Exception <a 'java/lang/InterruptedException': sleep interrupted> (0x06fa5d00) thrown at [C:\workspace\8-2-build-windows-i586-cygwin\jdk8u191\11896\hotspot\src\share\vm\prims\jvm.cpp, line 3273]
Event: 8967.203 Thread 0x281d9400 Exception <a 'java/lang/InterruptedException': sleep interrupted> (0x06fc4d58) thrown at [C:\workspace\8-2-build-windows-i586-cygwin\jdk8u191\11896\hotspot\src\share\vm\prims\jvm.cpp, line 3273]
Event: 9008.767 Thread 0x281d5000 Exception <a 'java/lang/InterruptedException': sleep interrupted> (0x0b26cd50) thrown at [C:\workspace\8-2-build-windows-i586-cygwin\jdk8u191\11896\hotspot\src\share\vm\prims\jvm.cpp, line 3273]
Event: 9045.255 Thread 0x281d7c00 Exception <a 'java/lang/OutOfMemoryError'> (0x0fb30fd8) thrown at [C:\workspace\8-2-build-windows-i586-cygwin\jdk8u191\11896\hotspot\src\share\vm\gc_interface/collectedHeap.inline.hpp, line 159]

Events (10 events):
Event: 9043.155 Executing VM operation: GenCollectForAllocation done
Event: 9043.155 Executing VM operation: GenCollectForAllocation
Event: 9043.586 Executing VM operation: GenCollectForAllocation done
Event: 9043.586 Executing VM operation: GenCollectForAllocation
Event: 9043.999 Executing VM operation: GenCollectForAllocation done
Event: 9043.999 Executing VM operation: GenCollectForAllocation
Event: 9044.417 Executing VM operation: GenCollectForAllocation done
Event: 9044.417 Executing VM operation: GenCollectForAllocation
Event: 9045.255 Executing VM operation: GenCollectForAllocation done
Event: 9045.255 Executing VM operation: GenCollectForAllocation


Dynamic libraries:
0x00f90000 - 0x00fc3000 	C:\Program Files (x86)\Arduino\java\bin\javaw.exe
0x779c0000 - 0x77b63000 	C:\WINDOWS\SYSTEM32\ntdll.dll
0x76300000 - 0x763f0000 	C:\WINDOWS\System32\KERNEL32.DLL
0x766b0000 - 0x768c4000 	C:\WINDOWS\System32\KERNELBASE.dll
0x75a30000 - 0x75aab000 	C:\WINDOWS\System32\ADVAPI32.dll
0x77680000 - 0x7773f000 	C:\WINDOWS\System32\msvcrt.dll
0x76480000 - 0x764f6000 	C:\WINDOWS\System32\sechost.dll
0x765c0000 - 0x7667e000 	C:\WINDOWS\System32\RPCRT4.dll
0x76a40000 - 0x76bdc000 	C:\WINDOWS\System32\USER32.dll
0x769c0000 - 0x769d8000 	C:\WINDOWS\System32\win32u.dll
0x76530000 - 0x76553000 	C:\WINDOWS\System32\GDI32.dll
0x75f40000 - 0x7601c000 	C:\WINDOWS\System32\gdi32full.dll
0x76940000 - 0x769bb000 	C:\WINDOWS\System32\msvcp_win.dll
0x777e0000 - 0x77900000 	C:\WINDOWS\System32\ucrtbase.dll
0x6d440000 - 0x6d650000 	C:\WINDOWS\WinSxS\x86_microsoft.windows.common-controls_6595b64144ccf1df_6.0.19041.1110_none_a8625c1886757984\COMCTL32.dll
0x76680000 - 0x766a5000 	C:\WINDOWS\System32\IMM32.DLL
0x5bef0000 - 0x5bfaf000 	C:\Program Files (x86)\Arduino\java\bin\msvcr100.dll
0x5bb10000 - 0x5bee3000 	C:\Program Files (x86)\Arduino\java\bin\client\jvm.dll
0x76500000 - 0x76506000 	C:\WINDOWS\System32\PSAPI.DLL
0x73680000 - 0x736a8000 	C:\WINDOWS\SYSTEM32\WINMM.dll
0x73700000 - 0x73708000 	C:\WINDOWS\SYSTEM32\VERSION.dll
0x5f2a0000 - 0x5f2a8000 	C:\WINDOWS\SYSTEM32\WSOCK32.dll
0x768d0000 - 0x76933000 	C:\WINDOWS\System32\WS2_32.dll
0x5e7d0000 - 0x5e800000 	C:\Program Files (x86)\Arduino\java\bin\splashscreen.dll
0x6ff10000 - 0x6ff84000 	C:\WINDOWS\system32\uxtheme.dll
0x77380000 - 0x77600000 	C:\WINDOWS\System32\combase.dll
0x5e7c0000 - 0x5e7cc000 	C:\Program Files (x86)\Arduino\java\bin\verify.dll
0x5e790000 - 0x5e7b2000 	C:\Program Files (x86)\Arduino\java\bin\java.dll
0x76020000 - 0x760f4000 	C:\WINDOWS\System32\MSCTF.dll
0x77740000 - 0x777d6000 	C:\WINDOWS\System32\OLEAUT32.dll
0x5e770000 - 0x5e784000 	C:\Program Files (x86)\Arduino\java\bin\zip.dll
0x747c0000 - 0x747cf000 	C:\WINDOWS\SYSTEM32\kernel.appcore.dll
0x769e0000 - 0x76a3f000 	C:\WINDOWS\System32\bcryptPrimitives.dll
0x653c0000 - 0x65479000 	C:\WINDOWS\SYSTEM32\textinputframework.dll
0x650a0000 - 0x6513b000 	C:\WINDOWS\System32\CoreMessaging.dll
0x65140000 - 0x653be000 	C:\WINDOWS\System32\CoreUIComponents.dll
0x763f0000 - 0x76477000 	C:\WINDOWS\System32\SHCORE.dll
0x734f0000 - 0x73519000 	C:\WINDOWS\SYSTEM32\ntmarta.dll
0x66080000 - 0x6615b000 	C:\WINDOWS\SYSTEM32\wintypes.dll
0x76be0000 - 0x77195000 	C:\WINDOWS\System32\SHELL32.dll
0x741b0000 - 0x747bc000 	C:\WINDOWS\SYSTEM32\windows.storage.dll
0x74180000 - 0x741a4000 	C:\WINDOWS\SYSTEM32\Wldp.dll
0x771a0000 - 0x771e5000 	C:\WINDOWS\System32\shlwapi.dll
0x74140000 - 0x74158000 	C:\WINDOWS\SYSTEM32\profapi.dll
0x61940000 - 0x619b3000 	C:\Program Files (x86)\Arduino\lib\listSerialsj.dll
0x75b00000 - 0x75f35000 	C:\WINDOWS\System32\SETUPAPI.dll
0x762c0000 - 0x762fb000 	C:\WINDOWS\System32\cfgmgr32.dll
0x76510000 - 0x76529000 	C:\WINDOWS\System32\bcrypt.dll
0x5baf0000 - 0x5bb0d000 	C:\Program Files (x86)\Arduino\lib\jnidispatch-4.2.2-win32-x86.dll
0x76110000 - 0x761f3000 	C:\WINDOWS\System32\Ole32.dll
0x5bad0000 - 0x5bae5000 	C:\Program Files (x86)\Arduino\java\bin\net.dll
0x74b90000 - 0x74be2000 	C:\WINDOWS\system32\mswsock.dll
0x5bac0000 - 0x5bacf000 	C:\Program Files (x86)\Arduino\java\bin\nio.dll
0x5b970000 - 0x5bab7000 	C:\Program Files (x86)\Arduino\java\bin\awt.dll
0x735e0000 - 0x7367f000 	C:\WINDOWS\SYSTEM32\apphelp.dll
0x6d1e0000 - 0x6d206000 	C:\WINDOWS\system32\DWMAPI.DLL
0x5b930000 - 0x5b969000 	C:\Program Files (x86)\Arduino\java\bin\fontmanager.dll
0x5ce10000 - 0x5cf14000 	C:\WINDOWS\system32\opengl32.dll
0x5cad0000 - 0x5cb0f000 	C:\WINDOWS\SYSTEM32\GLU32.dll
0x5b8f0000 - 0x5b922000 	C:\Program Files (x86)\Arduino\java\bin\t2k.dll
0x72a60000 - 0x72a84000 	C:\WINDOWS\SYSTEM32\DEVOBJ.dll
0x75ab0000 - 0x75afd000 	C:\WINDOWS\System32\WINTRUST.dll
0x77280000 - 0x7737a000 	C:\WINDOWS\System32\CRYPT32.dll
0x736d0000 - 0x736de000 	C:\WINDOWS\SYSTEM32\MSASN1.dll
0x750b0000 - 0x750e2000 	C:\WINDOWS\SYSTEM32\IPHLPAPI.DLL
0x76100000 - 0x76107000 	C:\WINDOWS\System32\NSI.dll
0x6fa40000 - 0x6fa54000 	C:\WINDOWS\SYSTEM32\dhcpcsvc6.DLL
0x73550000 - 0x73566000 	C:\WINDOWS\SYSTEM32\dhcpcsvc.DLL
0x6f9a0000 - 0x6fa31000 	C:\WINDOWS\SYSTEM32\DNSAPI.dll
0x70ae0000 - 0x70af3000 	C:\WINDOWS\SYSTEM32\CRYPTSP.dll
0x70ab0000 - 0x70adf000 	C:\WINDOWS\system32\rsaenh.dll
0x74c00000 - 0x74c25000 	C:\WINDOWS\SYSTEM32\USERENV.dll
0x736e0000 - 0x736ea000 	C:\WINDOWS\SYSTEM32\CRYPTBASE.dll
0x6e570000 - 0x6e581000 	C:\WINDOWS\system32\napinsp.dll
0x6e550000 - 0x6e566000 	C:\WINDOWS\system32\pnrpnsp.dll
0x6e540000 - 0x6e550000 	C:\WINDOWS\system32\wshbth.dll
0x6e520000 - 0x6e536000 	C:\WINDOWS\system32\NLAapi.dll
0x6e510000 - 0x6e51e000 	C:\WINDOWS\System32\winrnr.dll
0x6e4e0000 - 0x6e501000 	C:\Program Files (x86)\Bonjour\mdnsNSP.dll
0x74a20000 - 0x74a78000 	C:\WINDOWS\System32\fwpuclnt.dll
0x6e270000 - 0x6e278000 	C:\Windows\System32\rasadhlp.dll
0x5e5e0000 - 0x5e600000 	C:\Program Files (x86)\Arduino\java\bin\sunec.dll
0x5e5d0000 - 0x5e5d9000 	C:\Program Files (x86)\Arduino\java\bin\sunmscapi.dll
0x5e560000 - 0x5e5c9000 	C:\Program Files (x86)\Arduino\msvcp100.dll
0x5e4a0000 - 0x5e55e000 	C:\Program Files (x86)\Arduino\msvcr100.dll
0x02ce0000 - 0x02d12000 	C:\Program Files (x86)\Arduino\lib\AStylej.dll
0x5e470000 - 0x5e494000 	C:\Program Files (x86)\Arduino\java\bin\dcpr.dll
0x77600000 - 0x7767e000 	C:\WINDOWS\System32\clbcatq.dll
0x5eb50000 - 0x5ecc1000 	C:\WINDOWS\SYSTEM32\WindowsCodecs.dll
0x62fb0000 - 0x62fe1000 	C:\WINDOWS\system32\dataexchange.dll
0x66670000 - 0x66850000 	C:\WINDOWS\system32\d3d11.dll
0x62e40000 - 0x62fa4000 	C:\WINDOWS\system32\dcomp.dll
0x6d210000 - 0x6d2d2000 	C:\WINDOWS\system32\dxgi.dll
0x62cb0000 - 0x62e3f000 	C:\WINDOWS\system32\twinapi.appcore.dll
0x64000000 - 0x6401b000 	C:\Program Files (x86)\Arduino\lib\jSSC-2.8_x86.dll
0x5e3b0000 - 0x5e469000 	C:\Windows\System32\AppXDeploymentClient.dll
0x5d6d0000 - 0x5e3a4000 	C:\WINDOWS\System32\DriverStore\FileRepository\iigd_dch.inf_amd64_fe85a7d4621ef147\ig12icd32.dll
0x5d670000 - 0x5d6c4000 	C:\WINDOWS\system32\Ninput.dll
0x74800000 - 0x74988000 	C:\WINDOWS\SYSTEM32\dbghelp.dll

VM Arguments:
jvm_args: -Dsun.java2d.d3d=false -Djna.nosys=true -Djna.nounpack=true -Djna.boot.library.name=jnidispatch-4.2.2-win32-x86 -Djna.boot.library.path=C:\Program Files (x86)\Arduino/lib -Djssc.library.path=C:\Program Files (x86)\Arduino/lib -DAPP_DIR=C:\Program Files (x86)\Arduino -Xms128M -Xmx512M -Dfile.encoding=UTF8 -Djava.net.preferIPv4Stack=true 
java_command: processing.app.Base C:\Users\AM\Documents\BlackBox\GLAMS_Firmware\GLAMS_Firmware.ino
java_class_path (initial): C:\Program Files (x86)\Arduino\lib\apple.jar;C:\Program Files (x86)\Arduino\lib\arduino-core.jar;C:\Program Files (x86)\Arduino\lib\batik-1.8.jar;C:\Program Files (x86)\Arduino\lib\batik-anim-1.8.jar;C:\Program Files (x86)\Arduino\lib\batik-awt-util-1.8.jar;C:\Program Files (x86)\Arduino\lib\batik-bridge-1.8.jar;C:\Program Files (x86)\Arduino\lib\batik-codec-1.8.jar;C:\Program Files (x86)\Arduino\lib\batik-css-1.8.jar;C:\Program Files (x86)\Arduino\lib\batik-dom-1.8.jar;C:\Program Files (x86)\Arduino\lib\batik-ext-1.8.jar;C:\Program Files (x86)\Arduino\lib\batik-gvt-1.8.jar;C:\Program Files (x86)\Arduino\lib\batik-parser-1.8.jar;C:\Program Files (x86)\Arduino\lib\batik-rasterizer-1.8.jar;C:\Program Files (x86)\Arduino\lib\batik-script-1.8.jar;C:\Program Files (x86)\Arduino\lib\batik-squiggle-1.8.jar;C:\Program Files (x86)\Arduino\lib\batik-svg-dom-1.8.jar;C:\Program Files (x86)\Arduino\lib\batik-svgpp-1.8.jar;C:\Program Files (x86)\Arduino\lib\batik-transcoder-1.8.jar;C:\Program Files (x86)\Arduino\lib\batik-util-1.8.jar;C:\Program Files (x86)\Arduino\lib\batik-xml-1.8.jar;C:\Program Files (x86)\Arduino\lib\bcpg-jdk15on-152.jar;C:\Program Files (x86)\Arduino\lib\bcprov-jdk15on-152.jar;C:\Program Files (x86)\Arduino\lib\commons-codec-1.7.jar;C:\Program Files (x86)\Arduino\lib\commons-compress-1.8.jar;C:\Program Files (x86)\Arduino\lib\commons-exec-1.1.jar;C:\Program Files (x86)\Arduino\lib\commons-httpclient-3.1.jar;C:\Program Files (x86)\Arduino\lib\commons-lang3-3.8.1.jar;C:\Program Files (x86)\Arduino\lib\commons-logging-1.0.4.jar;C:\Program Files (x86)\Arduino\lib\commons-net-3.3.jar;C:\Program Files (x86)\Arduino\lib\commons-io-2.6.jar;C:\Program Files (x86)\Arduino\lib\jackson-annotations-2.9.5.jar;C:\Program Files (x86)\Arduino\lib\jackson-core-2.9.5.jar;C:\Program Files (x86)\Arduino\lib\jackson-databind-2.9.5.jar;C:\Program Files (x86)\Arduino\lib\java-semver-0.8.0.jar;C:\Program Files (x86)\Arduino\lib\jmdns-3.5.5.jar;C:\Program
Launcher Type: SUN_STANDARD

Environment Variables:
PATH=C:\Program Files (x86)\NVIDIA Corporation\PhysX\Common;C:\WINDOWS\system32;C:\WINDOWS;C:\WINDOWS\System32\Wbem;C:\WINDOWS\System32\WindowsPowerShell\v1.0\;C:\WINDOWS\System32\OpenSSH\;C:\Program Files (x86)\Windows Kits\8.1\Windows Performance Toolkit\;C:\Program Files\Git\cmd;C:\Program Files\PuTTY\;C:\Users\AM\AppData\Local\Microsoft\WindowsApps;;C:\Program Files (x86)\Arduino\java\bin
USERNAME=AM
OS=Windows_NT
PROCESSOR_IDENTIFIER=Intel64 Family 6 Model 140 Stepping 1, GenuineIntel



---------------  S Y S T E M  ---------------

OS: Windows 10.0 , 64 bit Build 19041 (10.0.19041.1645)

CPU:total 8 (initial active 8) (4 cores per cpu, 2 threads per core) family 6 model 140 stepping 1, cmov, cx8, fxsr, mmx, sse, sse2, sse3, ssse3, sse4.1, sse4.2, popcnt, avx, avx2, aes, clmul, erms, 3dnowpref, lzcnt, ht, tsc, tscinvbit, bmi1, bmi2, adx

Memory: 4k page, physical 16449756k(9923900k free), swap 18940124k(12199396k free)

vm_info: Java HotSpot(TM) Client VM (25.191-b12) for windows-x86 JRE (1.8.0_191-b12), built on Oct  6 2018 08:34:23 by "java_re" with MS VC++ 10.0 (VS2010)

time: Thu May 19 13:58:56 2022
elapsed time: 9045 seconds (0d 2h 30m 45s)

